
> @agendaai/booking-web@0.1.0 dev C:\projetos\agendaai\apps\booking-web
> next dev

   ▲ Next.js 15.5.13
   - Local:        http://localhost:3000
   - Network:      http://192.168.1.5:3000

 ✓ Starting...
 ✓ Ready in 2.7s
 ○ Compiling /[slug] ...
 ✓ Compiled /[slug] in 4.8s (555 modules)
 GET /demo-studio-20260317 200 in 6379ms
 GET /demo-studio-20260317 200 in 209ms
 GET /favicon.ico 404 in 278ms
 ○ Compiling /api/public/tenants/[slug]/availability ...
 ✓ Compiled /api/public/tenants/[slug]/availability in 645ms (561 modules)
 GET /api/public/tenants/demo-studio-20260317/availability?serviceId=5412da73-d621-46e9-a7c1-8d6c786ea7e3&professionalId=cfcd3711-6362-40d1-9145-af86aac8772c&date=2026-03-18 200 in 2059ms
 GET /api/public/tenants/demo-studio-20260317/availability?serviceId=5412da73-d621-46e9-a7c1-8d6c786ea7e3&professionalId=cfcd3711-6362-40d1-9145-af86aac8772c&date=2026-03-19 200 in 101ms
 ○ Compiling /api/public/tenants/[slug]/bookings ...
 ✓ Compiled /api/public/tenants/[slug]/bookings in 702ms (563 modules)
 POST /api/public/tenants/demo-studio-20260317/bookings 201 in 4456ms
 GET /api/public/tenants/demo-studio-20260317/availability?serviceId=eb094cec-08a7-488b-b633-18ec836357f3&professionalId=cfcd3711-6362-40d1-9145-af86aac8772c&date=2026-03-19 200 in 75ms
 POST /api/public/tenants/demo-studio-20260317/bookings 201 in 1085ms
 POST /api/public/tenants/demo-studio-20260317/bookings 201 in 1082ms
 GET /demo-studio-20260317 200 in 830ms
 GET /api/public/tenants/demo-studio-20260317/availability?serviceId=5412da73-d621-46e9-a7c1-8d6c786ea7e3&professionalId=cfcd3711-6362-40d1-9145-af86aac8772c&date=2026-03-18 200 in 180ms
 GET /api/public/tenants/demo-studio-20260317/availability?serviceId=eb094cec-08a7-488b-b633-18ec836357f3&professionalId=cfcd3711-6362-40d1-9145-af86aac8772c&date=2026-03-18 200 in 89ms
 ✓ Compiled in 1305ms (556 modules)
 GET /demo-studio-20260317 200 in 706ms
 GET /demo-studio-20260317 200 in 699ms
 ○ Compiling /_error ...
 ✓ Compiled /_error in 4.2s (888 modules)
 GET /demo-studio-20260317 500 in 20220ms
 ○ Compiling / ...
 ✓ Compiled / in 3s (951 modules)
 GET / 200 in 4738ms
 GET /demo-studio-20260317 500 in 5577ms
 GET /demo-studio-20260317 500 in 313ms
 GET / 200 in 660ms
 GET /demo-studio-20260317 500 in 594ms
 ELIFECYCLE  Command failed with exit code 4294967295.
 GET /demo-studio-20260317 500 in 216ms
 GET /demo-studio-20260317 500 in 340ms
 GET /demo-studio-20260317 500 in 91ms
 ○ Compiling /_not-found ...
 ✓ Compiled /_not-found in 2.3s (901 modules)
 GET /demo-studio-20260317 404 in 4648ms
 GET /demo-studio-20260317 500 in 231ms
 GET /demo-studio-20260317 500 in 67ms
 ✓ Compiled in 2.4s (517 modules)
 ✓ Compiled in 1254ms (896 modules)
 ✓ Compiled in 295ms (896 modules)
 ✓ Compiled in 298ms (910 modules)
 ✓ Compiled in 400ms (896 modules)
 ✓ Compiled in 340ms (910 modules)
 ✓ Compiled in 477ms (896 modules)
 ✓ Compiled in 2.8s (896 modules)
 ✓ Compiled in 595ms (913 modules)
 ✓ Compiled in 442ms (899 modules)
 ✓ Compiled in 465ms (899 modules)
 ✓ Compiled in 352ms (899 modules)
 ✓ Compiled in 379ms (915 modules)
 ✓ Compiled in 650ms (901 modules)
 ✓ Compiled in 2.4s (915 modules)
 ✓ Compiled in 519ms (915 modules)
 ○ Compiling / ...
 ✓ Compiled / in 11.4s (574 modules)
 GET /demo-studio-20260317 500 in 2378ms
 GET /demo-studio-20260317 500 in 333ms
 GET /favicon.ico 500 in 165ms
 GET /demo-studio-20260317 500 in 635ms
 GET /demo-studio-20260317 500 in 285ms
 GET /favicon.ico 500 in 64ms
 ✓ Compiled in 1564ms (915 modules)
 GET /demo-studio-20260317 500 in 1961ms
 GET /favicon.ico 500 in 139ms
 GET /demo-studio-20260317 500 in 103ms
 GET /favicon.ico 500 in 85ms
 ✓ Compiled in 3.9s (901 modules)
