 ⨯ Error: Could not find the module "C:\projetos\agendaai\node_modules\.pnpm\next@15.5.13_react-dom@19.2.4_react@19.2.4__react@19.2.4\node_modules\next\dist\next-devtools\userspace\app\segment-explorer-node.js#SegmentViewNode" in the React Client Manifest. This is probably a bug in the React Server Components bundler.
    at stringify (<anonymous>) {
  digest: '2000815718'
}
 ⨯ Error: Could not find the module "C:\projetos\agendaai\node_modules\.pnpm\next@15.5.13_react-dom@19.2.4_react@19.2.4__react@19.2.4\node_modules\next\dist\next-devtools\userspace\app\segment-explorer-node.js#SegmentViewNode" in the React Client Manifest. This is probably a bug in the React Server Components bundler.
    at stringify (<anonymous>)
    at stringify (<anonymous>) {
  digest: '2351567052'
}
 ⨯ Error: Could not find the module "C:\projetos\agendaai\node_modules\.pnpm\next@15.5.13_react-dom@19.2.4_react@19.2.4__react@19.2.4\node_modules\next\dist\next-devtools\userspace\app\segment-explorer-node.js#SegmentViewNode" in the React Client Manifest. This is probably a bug in the React Server Components bundler.
    at stringify (<anonymous>)
    at stringify (<anonymous>) {
  digest: '2351567052'
}
 ⨯ Error: Could not find the module "C:\projetos\agendaai\node_modules\.pnpm\next@15.5.13_react-dom@19.2.4_react@19.2.4__react@19.2.4\node_modules\next\dist\next-devtools\userspace\app\segment-explorer-node.js#SegmentViewNode" in the React Client Manifest. This is probably a bug in the React Server Components bundler.
    at stringify (<anonymous>)
    at stringify (<anonymous>) {
  digest: '2351567052'
}
 ⨯ Error: Could not find the module "C:\projetos\agendaai\node_modules\.pnpm\next@15.5.13_react-dom@19.2.4_react@19.2.4__react@19.2.4\node_modules\next\dist\next-devtools\userspace\app\segment-explorer-node.js#SegmentViewNode" in the React Client Manifest. This is probably a bug in the React Server Components bundler.
    at stringify (<anonymous>) {
  digest: '2000815718'
}
 ⨯ Error: Could not find the module "C:\projetos\agendaai\node_modules\.pnpm\next@15.5.13_react-dom@19.2.4_react@19.2.4__react@19.2.4\node_modules\next\dist\next-devtools\userspace\app\segment-explorer-node.js#SegmentViewNode" in the React Client Manifest. This is probably a bug in the React Server Components bundler.
    at stringify (<anonymous>) {
  digest: '2000815718'
}
 ⨯ [TypeError: __webpack_modules__[moduleId] is not a function] {
  digest: '4239485544'
}
 ⨯ Error: Could not find the module "C:\projetos\agendaai\node_modules\.pnpm\next@15.5.13_react-dom@19.2.4_react@19.2.4__react@19.2.4\node_modules\next\dist\next-devtools\userspace\app\segment-explorer-node.js#SegmentViewNode" in the React Client Manifest. This is probably a bug in the React Server Components bundler.
    at stringify (<anonymous>) {
  digest: '2000815718'
}
[TypeError: __webpack_modules__[moduleId] is not a function]
 ⨯ [TypeError: __webpack_modules__[moduleId] is not a function]
 ⨯ [TypeError: __webpack_modules__[moduleId] is not a function] {
  page: '/demo-studio-20260317'
}
 ⚠ Fast Refresh had to perform a full reload due to a runtime error.
 ⨯ Error: Cannot find module './625.js'
Require stack:
- C:\projetos\agendaai\apps\booking-web\.next\server\webpack-runtime.js
- C:\projetos\agendaai\apps\booking-web\.next\server\app\page.js
- C:\projetos\agendaai\node_modules\.pnpm\next@15.5.13_react-dom@19.2.4_react@19.2.4__react@19.2.4\node_modules\next\dist\server\require.js
- C:\projetos\agendaai\node_modules\.pnpm\next@15.5.13_react-dom@19.2.4_react@19.2.4__react@19.2.4\node_modules\next\dist\server\load-components.js
- C:\projetos\agendaai\node_modules\.pnpm\next@15.5.13_react-dom@19.2.4_react@19.2.4__react@19.2.4\node_modules\next\dist\build\utils.js
- C:\projetos\agendaai\node_modules\.pnpm\next@15.5.13_react-dom@19.2.4_react@19.2.4__react@19.2.4\node_modules\next\dist\build\swc\options.js
- C:\projetos\agendaai\node_modules\.pnpm\next@15.5.13_react-dom@19.2.4_react@19.2.4__react@19.2.4\node_modules\next\dist\build\swc\index.js
- C:\projetos\agendaai\node_modules\.pnpm\next@15.5.13_react-dom@19.2.4_react@19.2.4__react@19.2.4\node_modules\next\dist\build\next-config-ts\transpile-config.js
- C:\projetos\agendaai\node_modules\.pnpm\next@15.5.13_react-dom@19.2.4_react@19.2.4__react@19.2.4\node_modules\next\dist\server\config.js
- C:\projetos\agendaai\node_modules\.pnpm\next@15.5.13_react-dom@19.2.4_react@19.2.4__react@19.2.4\node_modules\next\dist\server\next.js
- C:\projetos\agendaai\node_modules\.pnpm\next@15.5.13_react-dom@19.2.4_react@19.2.4__react@19.2.4\node_modules\next\dist\server\lib\start-server.js
    at <unknown> (C:\projetos\agendaai\apps\booking-web\.next\server\app\[slug]\page.js:2:9995)
    at Object.<anonymous> (C:\projetos\agendaai\apps\booking-web\.next\server\app\[slug]\page.js:2:10044) {
  code: 'MODULE_NOT_FOUND',
  requireStack: [Array],
  page: '/demo-studio-20260317'
}
 ⨯ Error: Cannot find module './759.js'
Require stack:
- C:\projetos\agendaai\apps\booking-web\.next\server\webpack-runtime.js
- C:\projetos\agendaai\apps\booking-web\.next\server\app\page.js
- C:\projetos\agendaai\node_modules\.pnpm\next@15.5.13_react-dom@19.2.4_react@19.2.4__react@19.2.4\node_modules\next\dist\server\require.js
- C:\projetos\agendaai\node_modules\.pnpm\next@15.5.13_react-dom@19.2.4_react@19.2.4__react@19.2.4\node_modules\next\dist\server\load-components.js
- C:\projetos\agendaai\node_modules\.pnpm\next@15.5.13_react-dom@19.2.4_react@19.2.4__react@19.2.4\node_modules\next\dist\build\utils.js
- C:\projetos\agendaai\node_modules\.pnpm\next@15.5.13_react-dom@19.2.4_react@19.2.4__react@19.2.4\node_modules\next\dist\build\swc\options.js
- C:\projetos\agendaai\node_modules\.pnpm\next@15.5.13_react-dom@19.2.4_react@19.2.4__react@19.2.4\node_modules\next\dist\build\swc\index.js
- C:\projetos\agendaai\node_modules\.pnpm\next@15.5.13_react-dom@19.2.4_react@19.2.4__react@19.2.4\node_modules\next\dist\build\next-config-ts\transpile-config.js
- C:\projetos\agendaai\node_modules\.pnpm\next@15.5.13_react-dom@19.2.4_react@19.2.4__react@19.2.4\node_modules\next\dist\server\config.js
- C:\projetos\agendaai\node_modules\.pnpm\next@15.5.13_react-dom@19.2.4_react@19.2.4__react@19.2.4\node_modules\next\dist\server\next.js
- C:\projetos\agendaai\node_modules\.pnpm\next@15.5.13_react-dom@19.2.4_react@19.2.4__react@19.2.4\node_modules\next\dist\server\lib\start-server.js
    at <unknown> (C:\projetos\agendaai\apps\booking-web\.next\server\pages\_document.js:1:321)
    at Object.<anonymous> (C:\projetos\agendaai\apps\booking-web\.next\server\pages\_document.js:1:366) {
  code: 'MODULE_NOT_FOUND',
  requireStack: [Array]
}
 ⨯ Error: Cannot find module './625.js'
Require stack:
- C:\projetos\agendaai\apps\booking-web\.next\server\webpack-runtime.js
- C:\projetos\agendaai\apps\booking-web\.next\server\app\page.js
- C:\projetos\agendaai\node_modules\.pnpm\next@15.5.13_react-dom@19.2.4_react@19.2.4__react@19.2.4\node_modules\next\dist\server\require.js
- C:\projetos\agendaai\node_modules\.pnpm\next@15.5.13_react-dom@19.2.4_react@19.2.4__react@19.2.4\node_modules\next\dist\server\load-components.js
- C:\projetos\agendaai\node_modules\.pnpm\next@15.5.13_react-dom@19.2.4_react@19.2.4__react@19.2.4\node_modules\next\dist\build\utils.js
- C:\projetos\agendaai\node_modules\.pnpm\next@15.5.13_react-dom@19.2.4_react@19.2.4__react@19.2.4\node_modules\next\dist\build\swc\options.js
- C:\projetos\agendaai\node_modules\.pnpm\next@15.5.13_react-dom@19.2.4_react@19.2.4__react@19.2.4\node_modules\next\dist\build\swc\index.js
- C:\projetos\agendaai\node_modules\.pnpm\next@15.5.13_react-dom@19.2.4_react@19.2.4__react@19.2.4\node_modules\next\dist\build\next-config-ts\transpile-config.js
- C:\projetos\agendaai\node_modules\.pnpm\next@15.5.13_react-dom@19.2.4_react@19.2.4__react@19.2.4\node_modules\next\dist\server\config.js
- C:\projetos\agendaai\node_modules\.pnpm\next@15.5.13_react-dom@19.2.4_react@19.2.4__react@19.2.4\node_modules\next\dist\server\next.js
- C:\projetos\agendaai\node_modules\.pnpm\next@15.5.13_react-dom@19.2.4_react@19.2.4__react@19.2.4\node_modules\next\dist\server\lib\start-server.js
    at <unknown> (C:\projetos\agendaai\apps\booking-web\.next\server\app\[slug]\page.js:2:9995)
    at Object.<anonymous> (C:\projetos\agendaai\apps\booking-web\.next\server\app\[slug]\page.js:2:10044) {
  code: 'MODULE_NOT_FOUND',
  requireStack: [Array],
  page: '/demo-studio-20260317'
}
 ⨯ Error: Cannot find module './759.js'
Require stack:
- C:\projetos\agendaai\apps\booking-web\.next\server\webpack-runtime.js
- C:\projetos\agendaai\apps\booking-web\.next\server\app\page.js
- C:\projetos\agendaai\node_modules\.pnpm\next@15.5.13_react-dom@19.2.4_react@19.2.4__react@19.2.4\node_modules\next\dist\server\require.js
- C:\projetos\agendaai\node_modules\.pnpm\next@15.5.13_react-dom@19.2.4_react@19.2.4__react@19.2.4\node_modules\next\dist\server\load-components.js
- C:\projetos\agendaai\node_modules\.pnpm\next@15.5.13_react-dom@19.2.4_react@19.2.4__react@19.2.4\node_modules\next\dist\build\utils.js
- C:\projetos\agendaai\node_modules\.pnpm\next@15.5.13_react-dom@19.2.4_react@19.2.4__react@19.2.4\node_modules\next\dist\build\swc\options.js
- C:\projetos\agendaai\node_modules\.pnpm\next@15.5.13_react-dom@19.2.4_react@19.2.4__react@19.2.4\node_modules\next\dist\build\swc\index.js
- C:\projetos\agendaai\node_modules\.pnpm\next@15.5.13_react-dom@19.2.4_react@19.2.4__react@19.2.4\node_modules\next\dist\build\next-config-ts\transpile-config.js
- C:\projetos\agendaai\node_modules\.pnpm\next@15.5.13_react-dom@19.2.4_react@19.2.4__react@19.2.4\node_modules\next\dist\server\config.js
- C:\projetos\agendaai\node_modules\.pnpm\next@15.5.13_react-dom@19.2.4_react@19.2.4__react@19.2.4\node_modules\next\dist\server\next.js
- C:\projetos\agendaai\node_modules\.pnpm\next@15.5.13_react-dom@19.2.4_react@19.2.4__react@19.2.4\node_modules\next\dist\server\lib\start-server.js
    at <unknown> (C:\projetos\agendaai\apps\booking-web\.next\server\pages\_document.js:1:321)
    at Object.<anonymous> (C:\projetos\agendaai\apps\booking-web\.next\server\pages\_document.js:1:366) {
  code: 'MODULE_NOT_FOUND',
  requireStack: [Array]
}
 ⨯ Error: Cannot find module './625.js'
Require stack:
- C:\projetos\agendaai\apps\booking-web\.next\server\webpack-runtime.js
- C:\projetos\agendaai\apps\booking-web\.next\server\app\page.js
- C:\projetos\agendaai\node_modules\.pnpm\next@15.5.13_react-dom@19.2.4_react@19.2.4__react@19.2.4\node_modules\next\dist\server\require.js
- C:\projetos\agendaai\node_modules\.pnpm\next@15.5.13_react-dom@19.2.4_react@19.2.4__react@19.2.4\node_modules\next\dist\server\load-components.js
- C:\projetos\agendaai\node_modules\.pnpm\next@15.5.13_react-dom@19.2.4_react@19.2.4__react@19.2.4\node_modules\next\dist\build\utils.js
- C:\projetos\agendaai\node_modules\.pnpm\next@15.5.13_react-dom@19.2.4_react@19.2.4__react@19.2.4\node_modules\next\dist\build\swc\options.js
- C:\projetos\agendaai\node_modules\.pnpm\next@15.5.13_react-dom@19.2.4_react@19.2.4__react@19.2.4\node_modules\next\dist\build\swc\index.js
- C:\projetos\agendaai\node_modules\.pnpm\next@15.5.13_react-dom@19.2.4_react@19.2.4__react@19.2.4\node_modules\next\dist\build\next-config-ts\transpile-config.js
- C:\projetos\agendaai\node_modules\.pnpm\next@15.5.13_react-dom@19.2.4_react@19.2.4__react@19.2.4\node_modules\next\dist\server\config.js
- C:\projetos\agendaai\node_modules\.pnpm\next@15.5.13_react-dom@19.2.4_react@19.2.4__react@19.2.4\node_modules\next\dist\server\next.js
- C:\projetos\agendaai\node_modules\.pnpm\next@15.5.13_react-dom@19.2.4_react@19.2.4__react@19.2.4\node_modules\next\dist\server\lib\start-server.js
    at <unknown> (C:\projetos\agendaai\apps\booking-web\.next\server\app\[slug]\page.js:2:9995)
    at Object.<anonymous> (C:\projetos\agendaai\apps\booking-web\.next\server\app\[slug]\page.js:2:10044) {
  code: 'MODULE_NOT_FOUND',
  requireStack: [Array],
  page: '/demo-studio-20260317'
}
 ⨯ Error: Cannot find module './759.js'
Require stack:
- C:\projetos\agendaai\apps\booking-web\.next\server\webpack-runtime.js
- C:\projetos\agendaai\apps\booking-web\.next\server\app\page.js
- C:\projetos\agendaai\node_modules\.pnpm\next@15.5.13_react-dom@19.2.4_react@19.2.4__react@19.2.4\node_modules\next\dist\server\require.js
- C:\projetos\agendaai\node_modules\.pnpm\next@15.5.13_react-dom@19.2.4_react@19.2.4__react@19.2.4\node_modules\next\dist\server\load-components.js
- C:\projetos\agendaai\node_modules\.pnpm\next@15.5.13_react-dom@19.2.4_react@19.2.4__react@19.2.4\node_modules\next\dist\build\utils.js
- C:\projetos\agendaai\node_modules\.pnpm\next@15.5.13_react-dom@19.2.4_react@19.2.4__react@19.2.4\node_modules\next\dist\build\swc\options.js
- C:\projetos\agendaai\node_modules\.pnpm\next@15.5.13_react-dom@19.2.4_react@19.2.4__react@19.2.4\node_modules\next\dist\build\swc\index.js
- C:\projetos\agendaai\node_modules\.pnpm\next@15.5.13_react-dom@19.2.4_react@19.2.4__react@19.2.4\node_modules\next\dist\build\next-config-ts\transpile-config.js
- C:\projetos\agendaai\node_modules\.pnpm\next@15.5.13_react-dom@19.2.4_react@19.2.4__react@19.2.4\node_modules\next\dist\server\config.js
- C:\projetos\agendaai\node_modules\.pnpm\next@15.5.13_react-dom@19.2.4_react@19.2.4__react@19.2.4\node_modules\next\dist\server\next.js
- C:\projetos\agendaai\node_modules\.pnpm\next@15.5.13_react-dom@19.2.4_react@19.2.4__react@19.2.4\node_modules\next\dist\server\lib\start-server.js
    at <unknown> (C:\projetos\agendaai\apps\booking-web\.next\server\pages\_document.js:1:321)
    at Object.<anonymous> (C:\projetos\agendaai\apps\booking-web\.next\server\pages\_document.js:1:366) {
  code: 'MODULE_NOT_FOUND',
  requireStack: [Array]
}
 ⨯ Error: Cannot find module './625.js'
Require stack:
- C:\projetos\agendaai\apps\booking-web\.next\server\webpack-runtime.js
- C:\projetos\agendaai\apps\booking-web\.next\server\app\page.js
- C:\projetos\agendaai\node_modules\.pnpm\next@15.5.13_react-dom@19.2.4_react@19.2.4__react@19.2.4\node_modules\next\dist\server\require.js
- C:\projetos\agendaai\node_modules\.pnpm\next@15.5.13_react-dom@19.2.4_react@19.2.4__react@19.2.4\node_modules\next\dist\server\load-components.js
- C:\projetos\agendaai\node_modules\.pnpm\next@15.5.13_react-dom@19.2.4_react@19.2.4__react@19.2.4\node_modules\next\dist\build\utils.js
- C:\projetos\agendaai\node_modules\.pnpm\next@15.5.13_react-dom@19.2.4_react@19.2.4__react@19.2.4\node_modules\next\dist\build\swc\options.js
- C:\projetos\agendaai\node_modules\.pnpm\next@15.5.13_react-dom@19.2.4_react@19.2.4__react@19.2.4\node_modules\next\dist\build\swc\index.js
- C:\projetos\agendaai\node_modules\.pnpm\next@15.5.13_react-dom@19.2.4_react@19.2.4__react@19.2.4\node_modules\next\dist\build\next-config-ts\transpile-config.js
- C:\projetos\agendaai\node_modules\.pnpm\next@15.5.13_react-dom@19.2.4_react@19.2.4__react@19.2.4\node_modules\next\dist\server\config.js
- C:\projetos\agendaai\node_modules\.pnpm\next@15.5.13_react-dom@19.2.4_react@19.2.4__react@19.2.4\node_modules\next\dist\server\next.js
- C:\projetos\agendaai\node_modules\.pnpm\next@15.5.13_react-dom@19.2.4_react@19.2.4__react@19.2.4\node_modules\next\dist\server\lib\start-server.js
    at <unknown> (C:\projetos\agendaai\apps\booking-web\.next\server\app\[slug]\page.js:2:9995)
    at Object.<anonymous> (C:\projetos\agendaai\apps\booking-web\.next\server\app\[slug]\page.js:2:10044) {
  code: 'MODULE_NOT_FOUND',
  requireStack: [Array],
  page: '/demo-studio-20260317'
}
 ⨯ Error: Cannot find module './759.js'
Require stack:
- C:\projetos\agendaai\apps\booking-web\.next\server\webpack-runtime.js
- C:\projetos\agendaai\apps\booking-web\.next\server\app\page.js
- C:\projetos\agendaai\node_modules\.pnpm\next@15.5.13_react-dom@19.2.4_react@19.2.4__react@19.2.4\node_modules\next\dist\server\require.js
- C:\projetos\agendaai\node_modules\.pnpm\next@15.5.13_react-dom@19.2.4_react@19.2.4__react@19.2.4\node_modules\next\dist\server\load-components.js
- C:\projetos\agendaai\node_modules\.pnpm\next@15.5.13_react-dom@19.2.4_react@19.2.4__react@19.2.4\node_modules\next\dist\build\utils.js
- C:\projetos\agendaai\node_modules\.pnpm\next@15.5.13_react-dom@19.2.4_react@19.2.4__react@19.2.4\node_modules\next\dist\build\swc\options.js
- C:\projetos\agendaai\node_modules\.pnpm\next@15.5.13_react-dom@19.2.4_react@19.2.4__react@19.2.4\node_modules\next\dist\build\swc\index.js
- C:\projetos\agendaai\node_modules\.pnpm\next@15.5.13_react-dom@19.2.4_react@19.2.4__react@19.2.4\node_modules\next\dist\build\next-config-ts\transpile-config.js
- C:\projetos\agendaai\node_modules\.pnpm\next@15.5.13_react-dom@19.2.4_react@19.2.4__react@19.2.4\node_modules\next\dist\server\config.js
- C:\projetos\agendaai\node_modules\.pnpm\next@15.5.13_react-dom@19.2.4_react@19.2.4__react@19.2.4\node_modules\next\dist\server\next.js
- C:\projetos\agendaai\node_modules\.pnpm\next@15.5.13_react-dom@19.2.4_react@19.2.4__react@19.2.4\node_modules\next\dist\server\lib\start-server.js
    at <unknown> (C:\projetos\agendaai\apps\booking-web\.next\server\pages\_document.js:1:321)
    at Object.<anonymous> (C:\projetos\agendaai\apps\booking-web\.next\server\pages\_document.js:1:366) {
  code: 'MODULE_NOT_FOUND',
  requireStack: [Array]
}
 ⨯ [Error: ENOENT: no such file or directory, open 'C:\projetos\agendaai\apps\booking-web\.next\server\app-paths-manifest.json'] {
  errno: -4058,
  code: 'ENOENT',
  syscall: 'open',
  path: 'C:\\projetos\\agendaai\\apps\\booking-web\\.next\\server\\app-paths-manifest.json',
  page: '/demo-studio-20260317'
}
 ⨯ [Error: ENOENT: no such file or directory, open 'C:\projetos\agendaai\apps\booking-web\.next\server\pages-manifest.json'] {
  errno: -4058,
  code: 'ENOENT',
  syscall: 'open',
  path: 'C:\\projetos\\agendaai\\apps\\booking-web\\.next\\server\\pages-manifest.json'
}
[Error: ENOENT: no such file or directory, open 'C:\projetos\agendaai\apps\booking-web\.next\server\app-paths-manifest.json'] {
  errno: -4058,
  code: 'ENOENT',
  syscall: 'open',
  path: 'C:\\projetos\\agendaai\\apps\\booking-web\\.next\\server\\app-paths-manifest.json',
  page: '/demo-studio-20260317'
}
 ⨯ [Error: ENOENT: no such file or directory, open 'C:\projetos\agendaai\apps\booking-web\.next\server\pages-manifest.json'] {
  errno: -4058,
  code: 'ENOENT',
  syscall: 'open',
  path: 'C:\\projetos\\agendaai\\apps\\booking-web\\.next\\server\\pages-manifest.json'
}
[Error: ENOENT: no such file or directory, open 'C:\projetos\agendaai\apps\booking-web\.next\routes-manifest.json'] {
  errno: -4058,
  code: 'ENOENT',
  syscall: 'open',
  path: 'C:\\projetos\\agendaai\\apps\\booking-web\\.next\\routes-manifest.json'
}
 ⚠ Fast Refresh had to perform a full reload due to a runtime error.
 ⨯ [Error: ENOENT: no such file or directory, open 'C:\projetos\agendaai\apps\booking-web\.next\server\app\[slug]\page.js'] {
  errno: -4058,
  code: 'ENOENT',
  syscall: 'open',
  path: 'C:\\projetos\\agendaai\\apps\\booking-web\\.next\\server\\app\\[slug]\\page.js',
  page: '/demo-studio-20260317'
}
 ⨯ [Error: ENOENT: no such file or directory, open 'C:\projetos\agendaai\apps\booking-web\.next\server\pages\_document.js'] {
  errno: -4058,
  code: 'ENOENT',
  syscall: 'open',
  path: 'C:\\projetos\\agendaai\\apps\\booking-web\\.next\\server\\pages\\_document.js'
}
[TypeError: Cannot read properties of undefined (reading '/_app')]
 ⨯ [TypeError: Cannot read properties of undefined (reading '/_app')]
[Error: ENOENT: no such file or directory, open 'C:\projetos\agendaai\apps\booking-web\.next\server\app\[slug]\page.js'] {
  errno: -4058,
  code: 'ENOENT',
  syscall: 'open',
  path: 'C:\\projetos\\agendaai\\apps\\booking-web\\.next\\server\\app\\[slug]\\page.js',
  page: '/demo-studio-20260317'
}
 ⨯ [Error: ENOENT: no such file or directory, open 'C:\projetos\agendaai\apps\booking-web\.next\server\pages\_document.js'] {
  errno: -4058,
  code: 'ENOENT',
  syscall: 'open',
  path: 'C:\\projetos\\agendaai\\apps\\booking-web\\.next\\server\\pages\\_document.js'
}
[TypeError: Cannot read properties of undefined (reading '/_app')]
 ⨯ [TypeError: Cannot read properties of undefined (reading '/_app')]
[TypeError: Cannot read properties of undefined (reading '/_app')]
